[2026-03-15T05:01:03.489Z] Peninsula Smart Care Pty Ltd | https://pensmartcare.com.au/ | fetch failed
[2026-03-15T05:01:10.799Z] dollar curtains + blinds Doncaster | https://www.dollarcurtainsandblinds.com.au/store/dollar-curtains-blinds-doncaster/?utm_source=google&utm_medium=organic&utm_campaign=gmb | HTTP 403
[2026-03-15T05:01:12.733Z] NBA Locksmiths | https://nbalocksmiths.com.au/ | fetch failed
[2026-03-15T05:01:12.787Z] Magen Locksmiths | https://www.magenlocksmiths.com.au/ | fetch failed
[2026-03-15T05:01:12.825Z] Impervious Solutions | https://www.facebook.com/imperviousolutions/ | HTTP 400
[2026-03-15T05:01:20.522Z] DILSY Curtains Blinds Clothing & Alterations Pty Ltd | http://www.dilsy.com.au/ | Timeout
[2026-03-15T05:01:20.571Z] St Kilda Electrics | https://stkildaelectrics.com.au/ | fetch failed
[2026-03-15T05:01:20.953Z] SolarQuant Energy | https://www.solarquant.com.au/?utm_source=google&utm_medium=wix_google_business_profile&utm_campaign=9473369693846867836 | HTTP 404
[2026-03-15T05:01:21.686Z] SunSolar Energy Pty Ltd | https://sunsolarenergy.com.au/ | HTTP 403
[2026-03-15T05:03:49.889Z] Peninsula Smart Care Pty Ltd | https://pensmartcare.com.au/ | fetch failed
[2026-03-15T05:03:53.835Z] dollar curtains + blinds Doncaster | https://www.dollarcurtainsandblinds.com.au/store/dollar-curtains-blinds-doncaster/?utm_source=google&utm_medium=organic&utm_campaign=gmb | HTTP 403
[2026-03-15T05:03:56.029Z] Magen Locksmiths | https://www.magenlocksmiths.com.au/ | fetch failed
[2026-03-15T05:03:56.192Z] NBA Locksmiths | https://nbalocksmiths.com.au/ | fetch failed
[2026-03-15T05:03:56.338Z] Impervious Solutions | https://www.facebook.com/imperviousolutions/ | HTTP 400
[2026-03-15T05:04:03.818Z] DILSY Curtains Blinds Clothing & Alterations Pty Ltd | http://www.dilsy.com.au/ | Timeout
[2026-03-15T05:04:03.924Z] St Kilda Electrics | https://stkildaelectrics.com.au/ | fetch failed
[2026-03-15T05:04:04.172Z] SolarQuant Energy | https://www.solarquant.com.au/?utm_source=google&utm_medium=wix_google_business_profile&utm_campaign=9473369693846867836 | HTTP 404
[2026-03-15T05:04:05.340Z] The Tiler Bros | https://thetilerbros.com.au/ | fetch failed
[2026-03-15T05:04:05.371Z] GURDASPUR INSULATION | http://www.gurdaspurinsulation.com.au/ | fetch failed
[2026-03-15T05:04:05.407Z] T Mcknight Garage Doors | http://mcknightgaragedoorsvictoria.com.au/ | fetch failed
[2026-03-15T05:04:24.659Z] Elegance Tiles Ascot Vale | https://elegancetiles.com.au/store/ascot-vale/?utm_source=gbp&utm_medium=organic&utm_campaign=ascot_vale | HTTP 403
[2026-03-15T05:04:24.894Z] VIC LAWN CARE | https://www.facebook.com/share/1YNYfq1oYb/?mibextid=wwXIfr | HTTP 400
[2026-03-15T05:04:24.970Z] Alex Glass Services | https://www.facebook.com/profile.php?id=100095203300203&mibextid=LQQJ4d | HTTP 400
[2026-03-15T05:04:25.715Z] R&Co.Design.Studio | https://www.randcodesignstudio.com.au/ | fetch failed
[2026-03-15T05:04:36.140Z] High and Low Home Maintenance | http://highandlowhomemaintenance.com/?utm_source=gmb&utm_medium=referral | HTTP 404
[2026-03-15T05:04:46.902Z] Roof Makeover Specialist | https://www.roofmakeoverspecialist.com/ | Timeout
[2026-03-15T05:04:53.945Z] Colbert Electrical | https://www.facebook.com/colbertelectrical1 | HTTP 400
[2026-03-15T05:04:53.966Z] Coastal Green Grass Mowing | https://www.facebook.com/coastalgreengrassmowing | HTTP 400
[2026-03-15T05:04:54.007Z] Boral Concrete | https://www.boral.com.au/locations/boral-concrete-waurn-ponds | HTTP 404
[2026-03-15T05:05:02.790Z] GROW UP GARDEN AND MAINTENANCE | https://www.growupgardening.com.au/contact | fetch failed
[2026-03-15T05:05:10.516Z] Living Space Joinery | http://lsjoinery.com.au/ | Timeout
[2026-03-15T05:05:10.518Z] NSL Builders | http://www.nslbuilders.com.au/ | Timeout
[2026-03-15T05:05:10.943Z] Som's Mowing | https://www.facebook.com/SomMowing/ | HTTP 400
[2026-03-15T05:05:10.955Z] Thompson Painting | https://www.facebook.com/Thompson-Painting-103337642452244/ | HTTP 400
[2026-03-15T05:05:11.769Z] Viet Energy Group | http://vietenergygroup.com.au/ | HTTP 404
[2026-03-15T05:05:18.636Z] Great Solar | http://greatsolar.com.au/ | Timeout
[2026-03-15T05:05:19.142Z] Jim’s Mowing- St Leonards North: Vince is Your Man | https://www.facebook.com/people/Jims-Mowing-St-Leonards-North-Vince-Is-Your-Man/61582952431288/?mibextid=wwXIfr&rdid=ANOJN0SGiqf3zoeL&share_url=https%3A%2F%2Fwww.facebook.com%2Fshare%2F17Ez8R2azf%2F%3Fmibextid%3DwwXIfr | HTTP 400
[2026-03-15T05:05:19.587Z] ivish construction pty ltd | http://ivishconstruction.com.au/ | HTTP 404
[2026-03-15T05:05:33.060Z] Nortova Carpentry | https://www.facebook.com/NortovaCarpentry/ | HTTP 400
[2026-03-15T05:05:33.932Z] SAR Roofing & Maintenance | https://www.sar-roofing.com.au/ | HTTP 404
[2026-03-15T05:05:38.931Z] Handy Hands Bendigo | http://www.handyhandsbendigo.com.au/ | fetch failed
[2026-03-15T05:05:39.011Z] Budget Bins Bendigo | https://www.budgetbinsbendigo.com.au/ | HTTP 403
[2026-03-15T05:05:41.865Z] Strathfieldsaye Plumbing | https://www.strathfieldsayeplumbing.com.au/ | fetch failed
[2026-03-15T05:05:49.752Z] Cavalier Homes - Home Builders Bendigo | https://cavalierhomes.com.au/builders/bendigo/ | HTTP 403
[2026-03-15T05:05:49.972Z] Elevate Blinds | https://www.facebook.com/share/17bm3HZ7PE/ | HTTP 400
[2026-03-15T05:05:52.393Z] Fimeri and Co | https://www.fimerifencing.com.au/ | fetch failed
[2026-03-15T05:06:01.020Z] dollar curtains + blinds Bendigo | https://www.dollarcurtainsandblinds.com.au/store/dollar-curtains-blinds-bendigo/?utm_source=google&utm_medium=organic&utm_campaign=gmb | HTTP 403
[2026-03-15T05:06:08.774Z] Safe & Secure Garage Doors - B&D Bendigo | https://safeandsecuregaragedoors.com.au/bendigo/?utm_source=google&utm_medium=local&utm_campaign=1&utm_content=primary | Timeout
[2026-03-15T05:06:21.619Z] Unified Solar | https://unified-solar.com.au/ | fetch failed
[2026-03-15T05:06:21.860Z] Bendigo Pool Shop | https://www.facebook.com/bendigopoolshop | HTTP 400
[2026-03-15T05:06:29.642Z] Watts Plastering | https://m.facebook.com/WattsPlastering | HTTP 400
[2026-03-15T05:06:31.173Z] bendigo maintenance carpentry & construction | https://www.facebook.com/fairdinkumcarpentry/ | HTTP 400
[2026-03-15T05:06:38.928Z] Homestead Carpet Warehouse | http://www.homesteadcarpets.com.au/ | Timeout
[2026-03-15T05:06:39.021Z] Hidden Valley Pool Solutions | http://www.hvpoolsolutions.com.au/ | fetch failed
[2026-03-15T05:06:39.084Z] G Gay & Co Mitre 10 Sebastopol | https://www.mitre10.com.au/stores/vic/sebastopol-g-gay-co-mitre-10-857011/?utm_source=google&utm_medium=organic&utm_campaign=Google%20My%20Business&utm_content=G%20Gay%20&%20Co%20Mitre%2010%20Sebastopol%20-%20Sebastopol&%20Co%20Mitre%2010%20Sebastopol%20-%20Sebastopol=&utm_term=plcid_2220974333062119717 | fetch failed
[2026-03-15T05:06:39.094Z] ALLROUND HANDYMAN | https://allroundhandymanservices.com.au/ | fetch failed
[2026-03-15T05:06:39.103Z] Lawnie Robot Mower Installations | http://lawnie.org/ | fetch failed
[2026-03-15T05:06:39.657Z] Fulscaping | https://m.facebook.com/Fulscaping | HTTP 400
[2026-03-15T05:06:40.928Z] Roland Larche Gardening & Maintenance | https://www.facebook.com/rlgmepping/ | HTTP 400
[2026-03-15T05:06:43.739Z] dollar curtains + blinds Epping | https://www.dollarcurtainsandblinds.com.au/store/dollar-curtains-blinds-epping/?utm_source=google&utm_medium=organic&utm_campaign=gmb | HTTP 403
[2026-03-15T05:06:46.710Z] Best flooring services | http://bestflooringservices.com.au/ | fetch failed
[2026-03-15T05:06:46.804Z] Mr Handy Handyman Services PTY LTD | http://mrhandymanvic.com.au/?utm_source=gmb&utm_medium=referral | HTTP 404
[2026-03-15T05:06:47.015Z] F & L Lawn Mowing and Handyman Services | https://www.facebook.com/101362834742951/ | HTTP 400
[2026-03-15T05:06:52.951Z] A1 Fencing & Gates Automation commercial and industrial fencing | https://a1fencingngates.com.au/ | fetch failed
[2026-03-15T05:06:58.824Z] Northside Construction Group | https://northsideconstructiongroup.com.au/ | fetch failed
[2026-03-15T05:07:04.637Z] B&B Off Road Engineering | https://bboffroad.com.au/?utm_source=GMB | Timeout
[2026-03-15T05:07:04.670Z] Fencing Expert Ballarat | https://fencingexpertballarat.com.au/ | Timeout
[2026-03-15T05:07:05.357Z] Deluxe Painting Ballarat | https://www.facebook.com/DeluxePaintingBallarat | HTTP 400
[2026-03-15T05:07:08.540Z] CommandStar Insulation | https://www.commandstarinsulation.com.au/ | fetch failed
[2026-03-15T05:07:08.869Z] Total Tools Ballarat | https://www.totaltools.com.au/storelocator/ballarat | fetch failed
[2026-03-15T05:07:14.214Z] Sovereign Pest Control | http://www.sovereignpestballarat.com.au/ | fetch failed
[2026-03-15T05:07:14.358Z] Ballarat Earthmoving | http://ballaratearthmoving.com.au/ | HTTP 404
[2026-03-15T05:07:19.455Z] Oasis Building Group | http://www.oasisbuild.com/ | HTTP 403
[2026-03-15T05:07:26.941Z] Ballarat Joinery Supplies | http://www.ballaratjoinerysupplies.com.au/ | Timeout
[2026-03-15T05:07:28.087Z] Garden Recycling Centre and Concrete Crushing Hub | http://www.gardenrecyclingcentre.com.au/ | HTTP 404
[2026-03-15T05:07:32.994Z] dollar curtains + blinds Ballarat | https://www.dollarcurtainsandblinds.com.au/store/dollar-curtains-blinds-ballarat/?utm_source=google&utm_medium=organic&utm_campaign=gmb | HTTP 403
[2026-03-15T05:07:33.129Z] MMW Engineering | https://www.facebook.com/mattsmobileweldingservice | HTTP 400
[2026-03-15T05:07:43.662Z] Lawn Logic Ballarat | https://www.facebook.com/Lawnlogicballarat | HTTP 400
[2026-03-15T05:07:50.554Z] Tiler Ballarat | https://www.tilerballarat.com.au/ | fetch failed
[2026-03-15T05:07:50.663Z] Elegance Tiles Ballarat | https://elegancetiles.com.au/store/ballarat/?utm_source=gbp&utm_medium=organic&utm_campaign=ballarat | HTTP 403
[2026-03-15T05:07:50.664Z] Malwa Fencing And Concreting | https://www.malwafenco.com.au/ | fetch failed
[2026-03-15T05:07:53.682Z] Ettles Rural Fencing | https://www.ettlesruralfencing.com.au/?utm_source=google&utm_medium=organic&utm_campaign=gmb | fetch failed
[2026-03-15T05:07:54.203Z] AAA Ausland Painting Services | http://auslandpaintingservices.com.au/ | fetch failed
[2026-03-15T05:07:59.127Z] Budget Security Co. | http://www.budgetsecurityco.com.au/ | fetch failed
[2026-03-15T05:08:01.983Z] Docklands Community Garden | https://communitygarden.org.au/listing/docklands-community-garden/ | HTTP 404
[2026-03-15T05:08:04.807Z] Rentokil Pest control Melbourne | https://www.rentokil.com/au/about/local-branches/melbourne?utm_content=Rentokil%20Pest%20control%20Melbourne%20-%20Port%20Melbourne&utm_campaign=Google%20My%20Business&utm_medium=organic&utm_source=gmb&utm_term=plcid_5501969022733554328 | HTTP 403
[2026-03-15T05:08:09.754Z] Think Water Melbourne | http://www.thinkwatermelbourne.com.au/ | fetch failed
[2026-03-15T05:08:25.002Z] Brunhome Joinery Melbourne | http://brunhomejoinery.com.au/ | fetch failed
[2026-03-15T05:08:33.302Z] Albert Precision Electrical | https://www.albertprecisionelec.com.au/ | HTTP 526
[2026-03-15T05:08:38.350Z] BR & Dr Sinclair PTY LTD | https://scaffandbrick.com.au/ | HTTP 500
[2026-03-15T05:08:44.886Z] Diamond Valley Pest Management | http://www.dvpestmanagement.com/ | HTTP 404
[2026-03-15T05:08:51.157Z] DNE Garden Maintenance | https://www.dnegardenmaintenance.com.au/ | HTTP 404
[2026-03-15T05:08:52.505Z] MHM Tiling and Waterproofing | https://mhmtiling.com.au/ | fetch failed
[2026-03-15T05:08:52.573Z] Boral Asphalt Laboratory | https://www.boral.com.au/locations/boral-asphalt-laboratory-deer-park | HTTP 404
[2026-03-15T05:08:52.683Z] SAFEREACH SCAFFOLDING | https://safereachscaff.com.au/ | fetch failed
[2026-03-15T05:08:54.412Z] Angels Family Floor Specialist | https://angelsfamily.com.au/ | fetch failed
[2026-03-15T05:08:54.713Z] Taylors Lakes Concrete Services PTY LTD | http://www.taylorslakesconcrete.com/ | fetch failed
[2026-03-15T05:08:54.919Z] FG Express Tiling | https://www.facebook.com/fgexpresstiling/ | HTTP 400
[2026-03-15T05:08:55.021Z] Emma’s Mowing Services | https://m.facebook.com/emmasmowinggardeningservices/ | HTTP 400
[2026-03-15T05:08:55.024Z] Mara Saw | Roof Repair & restoration Laverton | Gutter cleaner Brooklyn | Roof painter Sunshine | https://marasaw.net.au/ | HTTP 403
[2026-03-15T05:09:00.024Z] Pavement FX | https://pavementfx.com.au/ | fetch failed
[2026-03-15T05:09:00.273Z] Kwikserv Formwork & Scaffolding (VIC) Pty Ltd | http://www.kwikservgroup.com.au/ | fetch failed
[2026-03-15T05:09:00.446Z] Queen Security | http://www.facebook.com/qscctv | HTTP 400
[2026-03-15T05:09:06.176Z] Nikey Flooring | http://www.nikeyflooring.com.au/ | HTTP 409
[2026-03-15T05:09:06.633Z] Hayat Lawn Mowing | http://www.hayatlawnmowing.com/ | HTTP 404
[2026-03-15T05:09:09.055Z] Precision Air Conditioning & Refrigeration | http://www.precisionrefrigeration.com.au/?utm_source=google&utm_medium=gmb | fetch failed
[2026-03-15T05:09:10.955Z] Hayati Group Concreting | https://hayatigroup.com.au/ | fetch failed
[2026-03-15T05:09:11.599Z] Kops Painting services | https://kopspainting.com.au/home/ | fetch failed
[2026-03-15T05:09:14.762Z] Evergreen cabinets | https://evergreencabinets.com.au/ | HTTP 403
[2026-03-15T05:09:14.788Z] SAFE ROOF RESTORATION Dandenong | http://saferoofrestoration.com.au/ | fetch failed
[2026-03-15T05:09:22.668Z] DSK FAB Pty Ltd | https://www.dskfab.com.au/?utm_source=google&utm_medium=gbp | Timeout
[2026-03-15T05:09:22.752Z] Painting Specialist Group | https://paintingspecialistgroup.com/ | fetch failed
[2026-03-15T05:09:23.307Z] Air Conditioning Trade | https://www.aircontrade.com.au/ | fetch failed
[2026-03-15T05:09:28.406Z] Fortress Waterproofing | http://www.waterproof.melbourne/ | fetch failed
[2026-03-15T05:09:28.522Z] Melbourne Custom Cabinets | http://www.melbournecustomcabinets.com.au/ | fetch failed
[2026-03-15T05:09:31.086Z] Reliable Cabinets & Joinery | https://www.facebook.com/share/19JzYrMhNb/?mibextid=wwXIfr | HTTP 400
[2026-03-15T05:09:31.425Z] Deck Refresh | Deck Restoration Specialist | Deck cleaning | Deck Sanding | https://www.deckrefresh.com.au/ | fetch failed
[2026-03-15T05:09:31.554Z] SM Cleaning Services | https://smcleaningservices.com.au/ | fetch failed
[2026-03-15T05:09:33.445Z] Home Renovation Expert | https://homerenovationexpert.com.au/ | fetch failed
[2026-03-15T05:09:41.228Z] HubbyFix Pty Ltd | https://www.hubbyfix.com.au/ | Timeout
[2026-03-15T05:09:45.360Z] South Clean Cleaning Services | https://southclean.com.au/ | fetch failed
[2026-03-15T05:09:46.200Z] Top Glaze Roofing Melbourne | https://www.topglaze.com.au/?utm_source=google&utm_medium=organic&utm_campaign=gmb-main-profile&utm_id=gmb | HTTP 403
[2026-03-15T05:09:53.053Z] 4 Seasons Roofing | http://www.4seasonsroofing.com.au/ | Timeout
[2026-03-15T05:09:53.054Z] DCW Electrical & Plumbing | https://dcwelectrical.com.au/?utm_source=google&utm_medium=organic&utm_campaign=gbp | Timeout
[2026-03-15T05:09:53.291Z] Austek Roads Victoria (Previously R&C Asphalt Paving) | https://www.austekroads.com.au/ | fetch failed
[2026-03-15T05:09:59.247Z] FOCUS ON FLOOR & DECOR | Clyde North | https://focusonfloor.com.au/ | HTTP 500
[2026-03-15T05:10:05.604Z] MB Locksmiths Melbourne | http://www.mblocksmiths.com.au/ | Timeout
[2026-03-15T05:10:05.614Z] Wynns Locksmiths Melbourne | https://wynnslocksmiths.com.au/ | Timeout
[2026-03-15T05:10:05.651Z] Reno Trades | http://www.renotrades.com.au/ | Timeout
[2026-03-15T05:10:05.695Z] Cool Line Refrigeration & Air Con | http://coollineaircon.com.au/ | fetch failed
[2026-03-15T05:10:06.096Z] Shine Express Tiling | https://www.facebook.com/profile.php?id=100067455918430&mibextid=LQQJ4d | HTTP 400
[2026-03-15T05:10:06.583Z] Right Pick Fencing | https://rightpickfencing.com.au/ | HTTP 403
[2026-03-15T05:10:13.720Z] Inspired Homes | http://www.inspiredhomes.com.au/ | Timeout
[2026-03-15T05:10:14.360Z] Johnsons Gardens | https://www.facebook.com/fbjohnsonsgardens | HTTP 400
[2026-03-15T05:10:17.544Z] Classique Stone | https://classiquestone.com.au/ | HTTP 403
[2026-03-15T05:10:22.950Z] V Cabinet | https://www.facebook.com/profile.php?id=61550963137723 | HTTP 400
[2026-03-15T05:10:30.538Z] Top Blinds Melbourne | https://topblindsmelbourne.com.au/ | Timeout
[2026-03-15T05:10:33.819Z] AMK Gardening Grass | https://amkgardeninggrass.com.au/ | fetch failed
[2026-03-15T05:10:47.444Z] All Demolition | https://www.alldemolition.com.au/blank-2 | Timeout
[2026-03-15T05:10:48.232Z] SMV Cleaning Services | https://smvcleaningservices.com.au/ | fetch failed
[2026-03-15T05:10:55.462Z] Dr.Tiles | http://drtiles.com.au/ | Timeout
[2026-03-15T05:10:55.545Z] Perfect Gardening Services Melbourne | https://www.perfectgardeningservices.com.au/ | fetch failed
[2026-03-15T05:11:03.536Z] Reconnect Roofing & Guttering | https://reconnectroofingandguttering.store/ | Timeout
[2026-03-15T05:11:04.827Z] Handy Hand Services | http://www.handyhandservices.com/ | fetch failed
[2026-03-15T05:11:05.844Z] EXPRESS MOVERS MELBOURNE - Rubbish Removal And Junk Collection | https://expressmoversmelbourne.com.au/ | fetch failed
[2026-03-15T05:11:05.860Z] King Royal Wardrobes & Cabinets | https://www.kingroyal.com.au/ | HTTP 403
[2026-03-15T05:11:12.895Z] Blocked Drain Plumbers | https://blockeddrainplumbers.com/ | fetch failed
[2026-03-15T05:11:13.281Z] Basha Reno's | https://bashaconstruction.com.au/ | fetch failed
[2026-03-15T05:11:16.342Z] Southeast Melbourne Stumping | Stump Removal Caulfield | https://stumpingcaulfield.com.au/ | fetch failed
[2026-03-15T05:11:24.178Z] Ellton Air Conditioning | https://elltonaircon.com.au/ | Timeout
[2026-03-15T05:11:24.393Z] melbourne elite painters | https://www.mepainters.com.au/ | fetch failed
[2026-03-15T05:11:38.023Z] Everlift Garage Doors | https://www.facebook.com/everliftgaragedoors | HTTP 400
[2026-03-15T05:11:38.365Z] Gazi Fabrication | https://gazifabrication.com.au/ | HTTP 403
[2026-03-15T05:11:45.880Z] Pilcho welding | http://www.pilchowelding.com/ | HTTP 404
[2026-03-15T05:12:02.032Z] CBH Airconditioning and Electrical | http://www.cbhservices.com.au/ | Timeout
[2026-03-15T05:12:02.421Z] Cavalier Homes | https://cavalierhomes.com.au/builders/melbourne-south-east/ | HTTP 403
[2026-03-15T05:12:05.686Z] Walters Turf and Garden | https://www.facebook.com/waltersgarden/ | HTTP 400
[2026-03-15T05:12:05.783Z] Hammond Roofing | http://www.facebook.com/hammondroofing | HTTP 400
[2026-03-15T05:12:07.735Z] Stratco Deer Park | https://www.stratco.com.au/stores/deer-park/?utm_source=google&utm_medium=organic&utm_campaign=Google%20My%20Business&utm_term=plcid_937364417701736124&utm_content=Stratco%20Deer%20Park%20-%20Deer%20Park | HTTP 403
[2026-03-15T05:12:12.477Z] Tuff Systems/ TuffSite | http://tuffsystems.com.au/%20http://tuffsite.au/ | HTTP 404
[2026-03-15T05:12:16.565Z] Sentinal Locksmiths | https://www.truelocal.com.au/business/sentinal-locksmiths-3/sydenham | HTTP 403
[2026-03-15T05:12:16.614Z] Boral Asphalt | https://www.boral.com.au/locations/boral-asphalt-deer-park | HTTP 404
[2026-03-15T05:12:21.210Z] Committed Solar Solutions | http://www.committedsolar.com.au/ | fetch failed
[2026-03-15T05:12:21.327Z] Earnest Cabinet Services | http://earnestcabinetservices.com.au/?utm_source=gmb&utm_medium=referral | fetch failed
[2026-03-15T05:12:25.490Z] APS Pro Fencing | http://www.apsprofencing.com.au/ | fetch failed
[2026-03-15T05:12:28.350Z] CPLS Carpentry and Gardens | http://cplscarpentryandgardens.com.au/ | fetch failed
[2026-03-15T05:12:36.385Z] Varcon Group - Custom Home Builders Melbourne | https://www.varcon.com.au/?utm_source=google&utm_medium=organic&utm_campaign=gmb-website&utm_content=website_button | Timeout
[2026-03-15T05:12:37.244Z] Evo Masonry PTY LTD | https://evomasonry.com.au/ | fetch failed
[2026-03-15T05:12:44.048Z] Move Out Cleaners | http://moveoutcleaners.com.au/ | fetch failed
[2026-03-15T05:12:52.064Z] Skyline Construction Group | http://skylinecg.com.au/ | Timeout
[2026-03-15T05:12:52.084Z] Total Painting Group | http://totalpainting.net.au/ | Timeout
[2026-03-15T05:12:52.551Z] Green & Clean | Hedge Trimming - Gardening - Tree Services | https://www.facebook.com/green.clean.melb | HTTP 400
[2026-03-15T05:13:01.559Z] Melbourne HVAC Services | https://www.melbournehvacservices.com.au/ | HTTP 503
[2026-03-15T05:13:04.134Z] The Pool & Spa Care Centre | http://www.poolandspacarecentre.com.au/ | fetch failed
[2026-03-15T05:13:05.377Z] Stella Plumbing | https://www.facebook.com/profile.php?id=61561899626066 | HTTP 400
[2026-03-15T05:13:08.429Z] My Happy Cleaning | https://www.myhappycleaning.com.au/ | fetch failed
[2026-03-15T05:13:17.996Z] Lockfit Locksmiths Melbourne | https://lockfitlocksmithsmelbourne.com/ | HTTP 500
[2026-03-15T05:13:19.189Z] Koolec - Electrical & Solar | https://www.facebook.com/profile.php?id=61559292602553&mibextid=LQQJ4d | HTTP 400
[2026-03-15T05:13:26.848Z] Perry Bird Pickets | https://perrybirdpickets.com.au/ | Timeout
[2026-03-15T05:13:27.009Z] Home Concrete Transformers- HCT | https://homeconcretetransformers.net.au/ | fetch failed
[2026-03-15T05:13:36.481Z] FDB Northern Sheds | https://www.northernsheds.com.au/ | Timeout
[2026-03-15T05:13:41.815Z] Ali Rendering-House Rendering, Cement Rendering, Acrylic Rendering | Rendering Repairs Expert | http://alirendering.com.au/ | fetch failed
[2026-03-15T05:13:43.522Z] KHAA SECURITY | http://khaasecurity.com.au/ | terminated
[2026-03-15T05:13:47.749Z] HMM Tree Services | https://hmtreeservices.lponline.com.au/ | HTTP 410
[2026-03-15T05:13:51.277Z] SMM Concreting Landscaping | https://smmconcretinglandscaping.com.au/ | HTTP 403
[2026-03-15T05:13:51.392Z] MJ Tiling tiler | https://www.facebook.com/share/1LEZKi4Xah/ | HTTP 400
[2026-03-15T05:14:01.884Z] Alfie's Roofing & Guttering | https://alfiesroofingandguttering.com.au/ | fetch failed
[2026-03-15T05:14:02.579Z] Taylor Stones | http://www.taylorstones.com.au/ | HTTP 500
[2026-03-15T05:14:11.733Z] The Curtainmaker | https://curtainmaker.com.au/ | Timeout
[2026-03-15T05:14:19.848Z] Solar Battery Group | http://solarbatterygroup.com.au/ | Timeout
[2026-03-15T05:14:20.231Z] Oh Blinds | https://ohblinds.com.au/ | fetch failed
[2026-03-15T05:14:20.698Z] BCScurtains blinds sheers & security doors | http://www.mrcurtains.com.au/ | fetch failed
[2026-03-15T05:14:36.375Z] Garage & Sliding Door Man | https://gnsdoorman.com.au/ | Timeout
[2026-03-15T05:14:44.515Z] AAA Excavations | http://www.aaaexcavations.com.au | fetch failed
[2026-03-15T05:14:52.507Z] Champion Domestic cleaner | https://championdomesticcleaner.com/ | fetch failed
[2026-03-15T05:15:00.093Z] LSC Homes | http://www.lscgroup.com.au/ | Timeout
[2026-03-15T05:15:00.356Z] Fulton Electrical Services pty ltd | https://fultonelectrical.com.au/ | fetch failed
[2026-03-15T05:15:03.180Z] Oz Tile Import Pty Ltd | https://www.facebook.com/oztileimport | HTTP 400
[2026-03-15T05:15:07.362Z] UnderCover Blinds | https://www.facebook.com/undercoverblinds2014/timeline | HTTP 400
[2026-03-15T05:15:15.153Z] Ble Blinds | curtains and blinds | https://bleblinds.com.au/ | Timeout
[2026-03-15T05:15:15.323Z] Cornerstone Paving | https://www.cornerstonepaving.com.au/ | fetch failed
[2026-03-15T05:15:15.436Z] Zeal Scaffolding Pty Ltd | https://zealscaffolding.com.au/ | fetch failed
[2026-03-15T05:15:25.221Z] Bathroom Creations & Renovations | http://www.bathroom-creations.com.au/ | Timeout
[2026-03-15T05:15:25.786Z] AA Benjamin Master Painters | https://aabenjaminmasterpainters.com.au/ | fetch failed
[2026-03-15T05:15:25.943Z] Craft Plastering | https://www.facebook.com/profile.php?id=100057469028589 | HTTP 400
[2026-03-15T05:15:26.443Z] Ausfence | http://www.ausfence.com.au/ | HTTP 402
[2026-03-15T05:15:26.952Z] Bobby excavation and demolition | https://bobbyexcavations.com.au/ | fetch failed
[2026-03-15T05:15:29.083Z] DMH Building Group | https://dmhbuildinggroup.com.au/?fbclid=PAZXh0bgNhZW0CMTEAAaZ_WmT5eGUkY%20GRcri5d149id6ohQ01tMOF9S7Rt_HuimBK2C-wLImBrjlk_aem_ycPzJFIWFxNaU5utWUztcQ | fetch failed
[2026-03-15T05:15:30.094Z] Crafter Roofing And Home Improvements Pty Ltd | https://crafterroofingandhomeimprovements.com.au/ | HTTP 403
[2026-03-15T05:15:31.174Z] Expert Waterproofing | https://proficientwaterproofingandcaulking.com.au/ | fetch failed
[2026-03-15T05:15:31.812Z] Southeast Deck Builder | https://southeastdeckbuilder.com.au/ | HTTP 403
[2026-03-15T05:15:44.048Z] Roger Rendering Group | https://rogerrendering.com.au/ | Timeout
[2026-03-15T05:15:44.332Z] Uber Glass | https://uberglass.com.au/ | fetch failed
[2026-03-15T05:15:52.000Z] Southeast excavation landscaping and outdoor | https://www.facebook.com/profile.php?id=100063966404703&mibextid=LQQJ4d | HTTP 400
[2026-03-15T05:16:03.872Z] TrueFlow Roof Restorations | https://www.trueflowroofing.com.au/ | Timeout
[2026-03-15T05:16:06.420Z] Mr Bright Side Electrical | https://www.mrbrightsideelectrical.com.au/ | fetch failed
[2026-03-15T05:16:07.937Z] King Royal Wardrobes & Cabinets | http://kingroyal.com.au/ | HTTP 403
[2026-03-15T05:16:13.740Z] Lightning Energy | https://lightning-energy.com.au/ | HTTP 403
[2026-03-15T05:16:17.282Z] Southern Earthwerx | https://www.southernearthwerx.com.au/ | fetch failed
[2026-03-15T05:16:23.841Z] EM-ES PAINTER & DECORATING SERVICES | http://baysidepainterdecorator.com.au/index.html | fetch failed
[2026-03-15T05:16:24.206Z] LE Stonemasons | https://www.facebook.com/LESTONEMASONS/ | HTTP 400
[2026-03-15T05:16:31.894Z] MiraMax painting | https://www.miramaxpainting.com.au/ | Timeout
[2026-03-15T05:16:35.103Z] dollar curtains + blinds Moorabbin | https://www.dollarcurtainsandblinds.com.au/store/dollar-curtains-blinds-moorabbin/?utm_source=google&utm_medium=organic&utm_campaign=gmb | HTTP 403
[2026-03-15T05:16:38.427Z] Get A Fix Handyman | https://www.facebook.com/getafixhandyman/ | HTTP 400
[2026-03-15T05:16:40.182Z] Ace Insulation Removal | https://www.aceinsulationremoval.com.au/ | HTTP 403
[2026-03-15T05:16:45.976Z] Galvan Glass & Glazing | https://www.galvanglass.com.au/ | Timeout
[2026-03-15T05:16:46.400Z] Bayside Pool Fellas | https://baysidepoolfellas.com.au/ | HTTP 404
[2026-03-15T05:17:06.427Z] Exccell Demolition Melbourne | https://demolitioninmelbourne.com.au/ | Timeout
[2026-03-15T05:17:12.787Z] Melbourne Top Flooring | https://melbournetopflooring.com.au/ | fetch failed
[2026-03-15T05:17:38.428Z] FLOORING EXPERT | https://www.flooringexpert.com.au/ | Timeout
[2026-03-15T05:17:39.106Z] Possum Catchers | http://www.possumcatchers.com.au/ | HTTP 500
[2026-03-15T05:17:52.479Z] Oscar and Co Tiles and Bathware | https://oscarandcotiles.com.au/ | Timeout
[2026-03-15T05:17:53.175Z] GILL CUSTOM CABINETS | http://www.gillcustomcabinets.com.au/ | HTTP 403
[2026-03-15T05:18:00.340Z] Delmonte Landscaping and Fencing | https://delmontelandscapingandfencing.com.au/ | fetch failed
[2026-03-15T05:18:00.456Z] Western Pool Heating | https://westernpoolheating.com.au/ | fetch failed
[2026-03-15T05:18:00.642Z] Solar in Victoria | https://solarvictoria.odoo.com/contactus | HTTP 404
[2026-03-15T05:18:04.774Z] SK Tiling | http://www.sktiling.com.au/ | fetch failed
[2026-03-15T05:18:07.404Z] Wyndham Roofing VIC | https://wyndhamroofingvic.com.au/ | fetch failed
[2026-03-15T05:18:08.444Z] Uptop Roofing (Vic) Pty Ltd | http://www.uptoproofing.com.au/ | HTTP 404
[2026-03-15T05:18:13.335Z] SafeSite Group | https://www.safesitegroup.com.au/ | fetch failed
[2026-03-15T05:18:20.480Z] MV Tiling Service | http://www.mvtilingservice.com.au/ | fetch failed
[2026-03-15T05:18:20.818Z] Authentic Tiling Pty Ltd | http://www.authentictiling.com.au/ | fetch failed
[2026-03-15T05:18:21.175Z] Irvyron Clean | https://m.facebook.com/pg/irvyronclean/reviews/?ref=page_internal&mt_nav=0 | HTTP 400
[2026-03-15T05:18:21.438Z] Thompson Roofing Services | https://thompsonroofingservices.com.au/ | HTTP 403
[2026-03-15T05:18:23.376Z] Avondale Electrical Pty Ltd | https://www.facebook.com/AvondaleElectrical/ | HTTP 400
[2026-03-15T05:18:26.534Z] Garden Wizards | https://www.gardenwizards.com.au/ | fetch failed
[2026-03-15T05:18:28.804Z] RMS tiling group | https://www.rmsrenovations.com.au/ | HTTP 403
[2026-03-15T05:18:29.105Z] Everlast Services | http://www.everlastservices.com.au/ | fetch failed
[2026-03-15T05:18:37.924Z] Door Power | https://www.doorpower.com.au/ | fetch failed
[2026-03-15T05:18:45.503Z] Baloch group of tiling | https://www.balochgroupoftiling.com.au/ | fetch failed
[2026-03-15T05:18:45.694Z] dD Security Solutions - Locksmith services in Melbourne | https://www.ddsecurity.com.au/ | fetch failed
[2026-03-15T05:18:57.292Z] Gutter’s and Co. | http://www.guttersandco.com.au/ | Timeout
[2026-03-15T05:19:03.425Z] Local Plasterer | https://localplasterer.com.au/ | fetch failed
[2026-03-15T05:19:10.675Z] Jacksan Concreting | https://www.jacksanconcreting.com/ | HTTP 404
[2026-03-15T05:19:10.932Z] CLEAN CLEANER | http://cleancleaner.yolasite.com/ | HTTP 403
[2026-03-15T05:19:13.646Z] Xcavate Civil Pty Ltd | https://www.xcavatecivil.com.au/ | HTTP 404
[2026-03-15T05:19:19.475Z] Ellgun Homes | https://ellgungroup.com.au/ | fetch failed
[2026-03-15T05:19:19.817Z] One finish plastering and insulation | https://www.facebook.com/onefinishplastering/ | HTTP 400
[2026-03-15T05:19:19.831Z] Haintz Plastering and Maintenance | https://www.facebook.com/haintzplastering/ | HTTP 400
[2026-03-15T05:19:37.790Z] Woodcut Premium Engineered Timber Flooring Brisbane | https://woodcut.com.au/?utm_source=gmb-fortitude-valley&utm_medium=organic | HTTP 403
[2026-03-15T05:19:37.914Z] Swan Valley Carpets | https://swanvalleycarpets.com.au/ | HTTP 403
[2026-03-15T05:19:48.010Z] Rentokil Pest Control Brisbane | https://www.rentokil.com/au/about/local-branches/brisbane?utm_content=Rentokil%20Pest%20Control%20Brisbane%20-%20Eagle%20Farm&utm_campaign=Google%20My%20Business&utm_medium=organic&utm_source=gmb&utm_term=plcid_10745609302064997835 | HTTP 403
[2026-03-15T05:19:51.213Z] Ellenbrook Electrical Contractors | https://www.facebook.com/EllenbrookElectricalContractors/ | HTTP 400
[2026-03-15T05:19:58.757Z] Carpet House | https://carpethouse.com.au/ | Timeout
[2026-03-15T05:19:59.535Z] Tree Removal Pros Geelong | https://treeremovalprogeelong.com.au/ | HTTP 403
[2026-03-15T05:19:59.556Z] DVF Plumbing & Gas | https://www.facebook.com/dvfplumbinggas/ | HTTP 400
[2026-03-15T05:20:06.927Z] Bliss Tiles | https://www.blisstiles.com.au/ | HTTP 403
[2026-03-15T05:20:07.930Z] Eivali Cabinets | http://facebook.com/eivalicabinets | HTTP 400
[2026-03-15T05:20:12.930Z] Coolibah Building & Design | https://www.coolibahbuilding.com.au/ | HTTP 307
[2026-03-15T05:20:15.338Z] Easy Fix Plumbing | https://www.facebook.com/share/cD1M7cozeuKUyo3e/?mibextid=qi2Omg | HTTP 400
[2026-03-15T05:20:17.186Z] Ikonic Kitchens & Cabinets | http://www.ikonickitchens.com.au/ | HTTP 530
[2026-03-15T05:20:20.830Z] Bootsmith McDowall | https://www.facebook.com/bootsmithmcdowall | HTTP 400
[2026-03-15T05:20:28.714Z] Dexter`s lawn mowing service® | https://dexterslawnmowingservice.jimdofree.com/ | HTTP 403
[2026-03-15T05:20:31.465Z] Spotless Cleaning Concepts | https://www.spotlesscleaningconcepts.com/contact-1 | HTTP 404
[2026-03-15T05:20:37.533Z] Digging Devil Excavations/Earthworks/Earthmoving | https://www.facebook.com/profile.php?id=61555702604009 | HTTP 400
[2026-03-15T05:20:37.559Z] AIRLEC ADELAIDE ELECTRICAL | http://www.facebook.com/airlecadelaide | HTTP 400
[2026-03-15T05:20:44.602Z] Dan's Little Digger | https://www.facebook.com/DansLittleDigger/ | HTTP 400
[2026-03-15T05:20:48.969Z] Skybluetiling | http://www.skybluetiling.com.au/ | HTTP 404
[2026-03-15T05:20:50.076Z] Independent Cabinets | http://www.independentcabinets.com.au/ | HTTP 500
[2026-03-15T05:20:50.235Z] Curtain Couture and Blinds | https://www.facebook.com/share/1AejCEsdrP/?mibextid=LQQJ4d | HTTP 400
[2026-03-15T05:20:57.983Z] Prestige Garage Construction | https://www.prestigegarageconstruction.com.au/ | Timeout
[2026-03-15T05:21:02.585Z] Perth Access Scaffolding | http://www.perthaccessscaffolding.com/ | fetch failed
[2026-03-15T05:21:02.956Z] DS Projects Pty Ltd | https://dspr.com.au/?utm_source=gmb&utm_medium=gmb&utm_campaign=home | HTTP 307
[2026-03-15T05:21:05.608Z] ECO Home Insulation Services - Sydney | https://ecohomeinsulation.com.au/sydney/?utm_source=google&utm_medium=organic&utm_campaign=gmb-website | HTTP 404
[2026-03-15T05:21:06.006Z] Kitchens Perth | https://kitchens-perth.com/?utm_source=gmb&utm_medium=referral | HTTP 404
[2026-03-15T05:21:09.223Z] Gusto Emergency Glass Replacement | https://gustoemergencyglassreplacement.com.au/ | fetch failed
[2026-03-15T05:21:17.247Z] Simply Flooring - Hybrid Flooring & Timber Flooring & Vinyl Flooring | http://simplyflooring.com.au/ | Timeout
[2026-03-15T05:21:17.533Z] ABCO Renovaitons Sydney | https://renovations.sydney/ | fetch failed
[2026-03-15T05:21:17.717Z] SH Express Tiling | https://www.shexpresstiling.com.au/ | fetch failed
[2026-03-15T05:21:18.242Z] Tommico | Design & Build + Architectural Renovations | http://www.tommico.com.au/ | HTTP 403
[2026-03-15T05:21:30.402Z] Dig Em Up Earthworks | https://digemupearthworks.com.au/ | fetch failed
[2026-03-15T05:21:30.404Z] Formwork Sydney | http://www.concreteformworksydney.com/ | HTTP 500
[2026-03-15T05:21:31.022Z] Dr Seleo Cleaning Services | http://www.drseleocleaning.com.au/ | fetch failed
[2026-03-15T05:21:32.431Z] S&S Earth Works | https://ssearthworks.com.au/ | fetch failed
[2026-03-15T05:21:34.008Z] Martins Mowing + More | https://www.martinsmowingmore.com/ | fetch failed
[2026-03-15T05:21:35.770Z] Scrub Mate Cleaning Services | https://www.scrubmate.com.au/ | fetch failed
[2026-03-15T05:21:45.218Z] Capital City Waste Services | http://www.capitalcitywaste.services/ | Timeout
[2026-03-15T05:21:45.353Z] BONDTEX CLADDING AND RENDERING SERVICES PTY LTD | http://bondtex.com.au/ | fetch failed
[2026-03-15T05:21:53.067Z] Joe's Cabinet Works | https://www.facebook.com/joescabinetworks/ | HTTP 400
[2026-03-15T05:22:03.018Z] Sydney Flooring Group Pty Limited | http://www.sydneyflooringgroup.com.au/ | Timeout
[2026-03-15T05:22:03.100Z] Cubit Interiors | https://www.cubitinteriors.com/ | fetch failed
[2026-03-15T05:22:11.054Z] Satisflooring | https://satisflooring.com.au/ | Timeout
[2026-03-15T05:22:17.031Z] HG Lawn Care | https://www.hglawncare.net/?utm_source=google&utm_medium=wix_google_business_profile&utm_campaign=5388214161540319460 | fetch failed
[2026-03-15T05:22:17.152Z] Boral Asphalt | https://www.boral.com.au/locations/boral-asphalt-moolap | HTTP 404
[2026-03-15T05:22:17.414Z] Olson Cooling and Electrical | https://www.facebook.com/profile.php?id=61564874302810 | HTTP 400
[2026-03-15T05:22:17.595Z] Ecotek Air Conditioning | https://ecotekairconditioning.com.au/ | fetch failed
[2026-03-15T05:22:18.343Z] Handy Hill Property Maintenance | https://www.facebook.com/HandyHillPropertyMaintenance/ | HTTP 400
[2026-03-15T05:22:28.114Z] Coastal Glass | http://www.coastalglass.net.au/ | Timeout
[2026-03-15T05:22:28.198Z] Northey Brothers | https://northeybrothers.com.au/ | fetch failed
[2026-03-15T05:22:36.163Z] Floors of Distinction | http://www.floorsofdistinction.com.au/ | Timeout
[2026-03-15T05:22:36.225Z] Plympton Painting | http://plymptonpainting.com.au/ | fetch failed
[2026-03-15T05:22:37.924Z] TT Stonemason Pty Ltd | https://ttstonemason.com/ | Non-HTML content: 
[2026-03-15T05:22:46.234Z] Connect Energy | http://www.connectenergy.com.au/ | Timeout
[2026-03-15T05:22:46.752Z] Top Gear Refrigeration & Air conditioning Services | https://www.facebook.com/Top-Gear-Refrigeration-AC-Services-701503639937937 | HTTP 400
[2026-03-15T05:22:47.273Z] TIMBER WONDER CABINET | http://www.timberwondercabinet.com.au/ | HTTP 404
[2026-03-15T05:22:49.204Z] The Fencing People | https://www.facebook.com/thefencingpeps/ | HTTP 400
[2026-03-15T05:22:53.208Z] JTS Plastering Services | https://www.facebook.com/jtsplasteringservices/ | HTTP 400
[2026-03-15T05:23:12.802Z] Master Cement Rendering pty ltd | http://melbournerendering.com/ | Timeout
[2026-03-15T05:23:12.849Z] Precision Rendering & Patching | http://www.precisionrp.com.au/ | fetch failed
[2026-03-15T05:23:12.882Z] A1 TILING & LANDSCAPING CONTRACTORS LTD | https://www.a1tiling.com.au/ | fetch failed
[2026-03-15T05:23:13.140Z] Interior Views Curtains & Blinds | http://www.interiorviews.com.au/ | HTTP 500
[2026-03-15T05:23:14.801Z] REGISTERED PAINTERS Pty Ltd | https://registered-painters.com.au/ | HTTP 404
[2026-03-15T05:23:15.909Z] Pereira & Sons Painting | http://www.pereira-painting.com.au/ | HTTP 404
[2026-03-15T05:23:28.313Z] FTGU Tree Services | http://www.facebook.com/fromthegrounduptreeservices | HTTP 400
[2026-03-15T05:23:32.203Z] Moreton's Flooring | https://www.moretons.net.au/?utm_source=google&utm_medium=gmb&utm_campaign=seo | fetch failed
[2026-03-15T05:23:32.807Z] AUSKIT CABINETRY | https://www.facebook.com/auskitcabinetry/ | HTTP 400
[2026-03-15T05:23:32.879Z] Rez Tiling | https://www.facebook.com/RezTiling | HTTP 400
[2026-03-15T05:23:36.691Z] Catch Concrete & Construction | https://www.catchconsultancygroup.com/concrete | fetch failed
[2026-03-15T05:23:41.993Z] EPM Pest & Termite Control Brisbane | https://epmpestcontrol.com.au/?utm_source=google&utm_medium=organic&utm_campaign=GBP | HTTP 403
[2026-03-15T05:23:42.141Z] Dev Builders | http://www.devbuilders.com.au/ | HTTP 403
[2026-03-15T05:23:44.537Z] Geelong Concrete Surfaces | https://geelongconcretesurfaces.com.au/ | fetch failed
[2026-03-15T05:23:44.813Z] Complete Solar Care - Solar Battery Rebates | http://www.completesolarcare.com.au/quote | fetch failed
[2026-03-15T05:23:47.779Z] Anytime Super Cleaning | http://www.anytimesupercleaning.com.au// | fetch failed
[2026-03-15T05:23:53.474Z] Sticky Business Tilers Depot | https://www.facebook.com/stickybusinesstilersdepot/ | HTTP 400
[2026-03-15T05:23:53.718Z] Cove Electrical Services | https://www.facebook.com/cove.electrical.solar | HTTP 400
[2026-03-15T05:23:56.897Z] Dream Decking | https://dreamdecking.com.au/ | fetch failed
[2026-03-15T05:24:01.121Z] Glass Service | http://www.glass-service.com.au/ | Timeout
[2026-03-15T05:24:01.220Z] Bellarine Plumbing Group | https://bellarineplumbing.com/ | fetch failed
[2026-03-15T05:24:03.366Z] Golden Grove Recyclers | http://www.goldengroverecycling.com.au/ | fetch failed
[2026-03-15T05:24:04.767Z] SD Home & Garden | http://facebook.com/61567960941187 | HTTP 400
[2026-03-15T05:24:05.737Z] Aussie John Rendering Solutions | https://aussiejohnrenderingsolutions.odoo.com/ | HTTP 404
[2026-03-15T05:24:20.548Z] Trees R Green | https://www.facebook.com/treesrgreenau/ | HTTP 400
[2026-03-15T05:24:27.738Z] Alliance Pest Solutions | http://www.alliancepestsolutions.com.au/ | Timeout
[2026-03-15T05:24:44.237Z] Petrolo Tiling | https://petrolotiling.com.au/ | Timeout
[2026-03-15T05:24:50.800Z] Cronulla Masonic Centre | https://sutherlandshirefreemasons.com.au/ | fetch failed
[2026-03-15T05:24:52.916Z] Lincs Little Diggers | http://www.lincslittlediggers.com.au/ | fetch failed
[2026-03-15T05:25:00.682Z] TCK Earthmoving | http://www.tckearthmoving.com.au/ | Timeout
[2026-03-15T05:25:00.821Z] BMG Tiling SA | https://bmgtilingsa.com.au/ | fetch failed
[2026-03-15T05:25:00.986Z] Boral Concrete | https://www.boral.com.au/locations/boral-concrete-cleveland | HTTP 404
[2026-03-15T05:25:01.033Z] Abyss Demolition | http://www.abyssdemolition.com.au/ | fetch failed
[2026-03-15T05:25:08.742Z] MacQueensland Concreting | https://mqc.com.au/ | Timeout
[2026-03-15T05:25:09.511Z] Enviro Vision Double Glazing | http://www.envirovision.com.au/ | fetch failed
[2026-03-15T05:25:12.751Z] Cornish Painting | http://www.cornishpaintinganddecorating.com.au/ | HTTP 400
[2026-03-15T05:25:20.440Z] Dr Electrical Golden Grove | http://drelectricalgoldengrove.com.au/ | fetch failed
[2026-03-15T05:25:20.461Z] Cheap Sheds Australia | http://www.cheapsheds.com.au/ | HTTP 403
[2026-03-15T05:25:26.042Z] Proline Floors | http://www.prolinefloors.com.au/ | fetch failed
[2026-03-15T05:25:30.543Z] Solar 2020 | http://www.solar2020.com.au/ | Timeout
[2026-03-15T05:25:33.132Z] JC Built | https://jcbuilt.net.au/ | fetch failed
[2026-03-15T05:25:36.492Z] Super Carpentry | https://www.facebook.com/Supercarpentry/ | HTTP 400
[2026-03-15T05:25:38.517Z] Junk2Go | https://www.facebook.com/thepropertycleanupexperts/?ref=settings | HTTP 400
[2026-03-15T05:25:38.798Z] Yardley Air Conditioning | https://www.airconz.com.au/ | HTTP 404
[2026-03-15T05:25:46.344Z] ALL Sydney Ceilings & Plaster Repair Co. | http://www.allsydneyceilings.com.au/ | Timeout
[2026-03-15T05:25:59.327Z] SmartSync Blinds Mascot | https://www.smartsyncblinds.com.au/ | fetch failed
[2026-03-15T05:26:00.193Z] Sydney North Deck Restoration | http://sydneynorthdeckrestoration.durablesites.com/ | fetch failed
[2026-03-15T05:26:07.200Z] Deep Bond Clean | https://deepbondclean.com.au/ | Timeout
[2026-03-15T05:26:07.560Z] Holman Welding | https://www.facebook.com/holmanweldingtempe | HTTP 400
[2026-03-15T05:26:07.928Z] Ultimate Painting Pro | https://uppro.com.au/ | fetch failed
[2026-03-15T05:26:08.882Z] Batstones Memorials | https://www.batstonesmemorials.com.au/ | fetch failed
[2026-03-15T05:26:10.612Z] 1800 Dumped | https://www.facebook.com/1800dumped | HTTP 400
[2026-03-15T05:26:18.326Z] Security Alarm Apps | http://securityalarmapps.com.au/ | Timeout
[2026-03-15T05:26:18.498Z] Frontline Guttering | https://www.frontlineguttering.com.au/ | fetch failed
[2026-03-15T05:26:18.542Z] Chase a bin | http://chaseabinadl.com/ | fetch failed
[2026-03-15T05:26:23.352Z] My Bathroom Reno | http://www.mybathroomreno.au/ | fetch failed
[2026-03-15T05:26:43.263Z] Plastering National: Plasterer Melbourne Services | http://plasteringnational.com.au/ | Timeout
[2026-03-15T05:26:43.266Z] Zippy glass | https://zippyglass.com.au/ | Timeout
[2026-03-15T05:26:43.267Z] Todd The Tiler | http://www.toddthetiler.com.au/ | Timeout
[2026-03-15T05:26:43.268Z] All Perth Fencing | https://www.allperthfencing.com.au/ | Timeout
[2026-03-15T05:26:45.352Z] Westcoast Floors | http://www.westcoastfloors.com.au/ | HTTP 307
[2026-03-15T05:26:46.583Z] WELD TECH AUSTRALIA WELDING FABRICATION MAINTENANCE | http://weldtechaustralia.com.au/ | HTTP 404
[2026-03-15T05:26:50.966Z] BHM Painting & Maintenance Pty Ltd | http://bhmpainting.com.au/ | HTTP 404
[2026-03-15T05:27:04.874Z] Elegance Tiles Geelong & Surf Coast | https://elegancetiles.com.au/store/geelong-surf-coast/?utm_source=gbp&utm_medium=organic&utm_campaign=geelong_surf_coast | HTTP 403
[2026-03-15T05:27:05.013Z] All City Roofing And Repairs | http://allcityroofingandrepairssydney.com.au/ | fetch failed
[2026-03-15T05:27:08.515Z] JT's Gardening | https://www.facebook.com/jtsgardening13 | HTTP 400
[2026-03-15T05:27:11.539Z] Kitchen Cabinet Works | http://kitchencabinetworks.com.au/ | fetch failed
[2026-03-15T05:27:17.160Z] Empire Welding Services | https://empirewelding.com.au/contact-us/ | HTTP 404
[2026-03-15T05:27:18.743Z] Tilers Inc | https://www.iseekplant.com.au/members/tilers-inc | HTTP 404
[2026-03-15T05:27:26.517Z] Sydney Window Art | https://sydneywindowart.com.au/ | Timeout
[2026-03-15T05:27:34.943Z] SOLE ELEC Adelaide Electrical Service | https://soleelec.au/ | fetch failed
[2026-03-15T05:27:35.649Z] Adelaide Urban Electrical | https://adelaideurbanelectrical.com.au/ | HTTP 403
[2026-03-15T05:27:51.885Z] The Hills Solar Centre | https://www.thehillssolarcenter.com.au/ | fetch failed
[2026-03-15T05:28:05.545Z] Luxe Concreting & Landscaping | http://luxeconcrete.com.au/ | Timeout
[2026-03-15T05:28:05.565Z] Happy Tiling & Reno | https://happyrenovators.com.au/ | Timeout
[2026-03-15T05:28:08.444Z] Wedge tailed roof repairs | https://wedgetailedroofrepairs.com.au/ | fetch failed
[2026-03-15T05:28:09.133Z] MJE Plaster | https://m.facebook.com/matteganplaster/ | HTTP 400
[2026-03-15T05:28:13.642Z] Capalaba Pool & Spa Shop | https://www.facebook.com/people/Capalaba-Pool-Shop/100057926118927/ | HTTP 400
[2026-03-15T05:28:21.017Z] Bandys Mowing Services | https://www.facebook.com/profile.php?id=100063687063150 | HTTP 400
[2026-03-15T05:28:36.029Z] Blinds Decor | http://www.blindsdecor.com.au/ | Timeout
[2026-03-15T05:28:36.969Z] Ace Plant Hire | Earthmoving Brisbane | https://www.facebook.com/aceplanthirebris | HTTP 400
[2026-03-15T05:28:44.119Z] Wenshe Curtains Perth | http://wenshecurtains.com.au/ | Timeout
[2026-03-15T05:28:54.606Z] Migomag Weld Centre | http://www.migomag.com.au/ | HTTP 403
[2026-03-15T05:28:59.342Z] Campbelltown Pools and Spas | http://campbelltownpools.com.au/ | fetch failed
[2026-03-15T05:29:04.885Z] SLM Solar | http://www.slmsolar.com.au/ | HTTP 500
[2026-03-15T05:29:05.250Z] XYFLOORING Tile | http://xyflooring.com.au/ | fetch failed
[2026-03-15T05:29:05.300Z] Gillies Excavations | https://www.yellowpages.com.au/nsw/campbelltown/gillies-excavations-13008026-listing.html | HTTP 403
[2026-03-15T05:29:10.934Z] Envir Ground And Garden | http://envirgroundgarden.com.au/ | HTTP 404
[2026-03-15T05:29:11.696Z] Ezy Sheds Plus | http://www.ezysheds.com.au/ | fetch failed
[2026-03-15T05:29:16.506Z] Lucky Locksmith | http://www.luckylocksmith.services/ | HTTP 404
[2026-03-15T05:29:23.452Z] Brad's Joinery Pty Ltd | http://www.bradsjoinery.com.au/ | Timeout
[2026-03-15T05:29:28.164Z] Modern Welding Pty Ltd. | https://www.modernwelding.com.au/ | fetch failed
[2026-03-15T05:29:32.814Z] Master Clean Cleaning Service | https://mastercleancleaning.com.au/ | HTTP 403
[2026-03-15T05:29:33.619Z] Dream Doors Kitchens Brisbane East | https://dreamdoorskitchens.com.au/locations/brisbane-east/ | HTTP 403
[2026-03-15T05:29:33.855Z] Riteway Restorations Pty Ltd | https://ritewayrestorations.com.au/?utm_source=Google&utm_medium=GBP&utm_campaign=map | HTTP 403
[2026-03-15T05:29:36.132Z] Lowes Rendering | https://lowesrendering.com.au/ | fetch failed
[2026-03-15T05:29:43.708Z] Jakes Excavator | https://www.facebook.com/people/Jakes-excavator/100054466780526 | HTTP 400
[2026-03-15T05:29:44.033Z] Solar Today | http://www.solartoday.com.au/ | HTTP 403
[2026-03-15T05:29:44.391Z] Goodyear Removals and Transport | http://www.goodyeartransport.com.au/ | HTTP 403
[2026-03-15T05:29:48.348Z] David Hurst Kitchens | http://www.davidhurstkitchens.com/ | fetch failed
[2026-03-15T05:29:48.590Z] E W plastering | https://www.facebook.com/bulimba.plastering/ | HTTP 400
[2026-03-15T05:29:52.107Z] JD BLINDS & REPAIRS | https://www.facebook.com/JDBLINDSANDREPAIRS/ | HTTP 400
[2026-03-15T05:29:55.998Z] Burwood Cleaning Company | http://www.burwoodcleaning.com.au/ | fetch failed
[2026-03-15T05:29:56.287Z] LEEZ TREES - Arborist Tree Pruning & Removal Service | https://www.facebook.com/LEEZTREES | HTTP 400
[2026-03-15T05:29:57.148Z] Rijal & Co. Constructions | https://www.rijalandco.com.au/ | HTTP 403
[2026-03-15T05:30:03.323Z] CREATIVE PAVING SERVICES | http://creativepave.com.au/ | HTTP 404
[2026-03-15T05:30:08.430Z] BSL Australia | https://www.bslaustralia.com/scaffolding-perth | HTTP 404
[2026-03-15T05:30:09.912Z] Just Bobcats | http://www.justbobcats.com.au/ | Timeout
[2026-03-15T05:30:10.098Z] Green Clean Rubbish Removal | https://greencleanrubbishremoval.com.au/?page_id=29 | fetch failed
[2026-03-15T05:30:25.781Z] Growing Green | https://www.facebook.com/profile.php?id=61563300521100&mibextid=ZbWKwL | HTTP 400
[2026-03-15T05:30:35.283Z] Urgent Plumbing and Gas | https://urgentplumbingandgas.com.au/ | fetch failed
[2026-03-15T05:30:35.533Z] Wood Crafters | https://www.woodcrafters.com.au/ | HTTP 404
[2026-03-15T05:30:35.555Z] Ruby Tiling | https://www.facebook.com/ruby.tiling.5/ | HTTP 400
[2026-03-15T05:30:35.575Z] SK’s Tiling Services | https://www.facebook.com/skstilingservices/ | HTTP 400
[2026-03-15T05:30:43.371Z] GI Building Sciences | https://www.gibuildingsciences.com.au/ | Timeout
[2026-03-15T05:30:46.578Z] The Tree Fellas PTY Ltd. | http://www.thetreefellas.com.au/ | fetch failed
[2026-03-15T05:30:46.582Z] Mad About Gardening. | http://www.madabout-gardening.com.au/ | fetch failed
[2026-03-15T05:30:51.070Z] Settled Pest and Weed Control - Sydney | https://www.settledpest.com.au/ | fetch failed
[2026-03-15T05:30:51.198Z] Jackson Rock Carpentry & Joinery | https://www.facebook.com/JacksonRockCarpentry/ | HTTP 400
[2026-03-15T05:30:51.542Z] NHL carpentry and cabinetry | https://www.nhlcarpentryandcabinetry.com.au/ | HTTP 404
[2026-03-15T05:30:58.873Z] Tech-Dry SA | http://www.stopsaltdamp.com.au/ | Timeout
[2026-03-15T05:31:06.971Z] MJ Security Doors Adelaide | http://mjsecurity.com.au/ | Timeout
[2026-03-15T05:31:20.760Z] Super Electrician Geelong | https://superelectrician.com.au/ | Timeout
[2026-03-15T05:31:20.783Z] AllPro Pest Control | https://www.allpropestcontrol.com.au/ | Timeout
[2026-03-15T05:31:21.210Z] Impacto Services | https://www.facebook.com/profile.php?id=100093488106049 | HTTP 400
[2026-03-15T05:31:21.479Z] Creative Excavations GC | http://www.creativegc.com.au/ | HTTP 404
[2026-03-15T05:31:28.878Z] Avis Cleaning Service | https://aviscleaning.com.au/ | Timeout
[2026-03-15T05:31:29.039Z] AG Cabinetmaking | http://www.agcabinetmaking.com.au/ | HTTP 404
[2026-03-15T05:31:29.286Z] Dial-A-Garbo Bellarine | https://www.facebook.com/dialagarbo/ | HTTP 400
[2026-03-15T05:31:53.447Z] Dynamik Trades | https://dynamiktrades.com.au/services/gates-fencing/ | Timeout
[2026-03-15T05:32:00.711Z] Bellarine Pool & Spa Supplies | https://www.facebook.com/bellarinepoolspasupplies/ | HTTP 400
[2026-03-15T05:32:07.953Z] Quality Roofing SA | http://qualityroofing.com.au/ | Timeout
[2026-03-15T05:32:13.911Z] Sunny Solar | https://sunnysolar.au/ | fetch failed
[2026-03-15T05:32:14.058Z] The Plaster Wall Doctor Mandurah | https://www.yellowpages.com.au/wa/mandurah/the-plaster-wall-doctor-mandurah-1000002331202-listing.html | HTTP 403
[2026-03-15T05:32:14.637Z] DS Plumbing Group | https://dsplumbinggroup.com/ | HTTP 403
[2026-03-15T05:32:18.908Z] Solar After Care | https://www.solaraftercare.com.au/ | HTTP 404
[2026-03-15T05:32:23.516Z] Northshore Landscape Construction | http://www.northshorelandscapes.com.au/ | fetch failed
[2026-03-15T05:32:23.577Z] The Garden Makers Landscaping Perth | https://www.facebook.com/gardenmakersperth?mibextid=ZbWKwL | HTTP 400
[2026-03-15T05:32:24.010Z] Eskay Joinery | https://www.facebook.com/Eskay-Joinery-161858067198759/?__tn__=%2Cd%2CP-R&eid=ARA-vzS3pfPF9Gz4R8YON8Ic4Mwn_TU6PG5AainVx2AcnvCD2CJ1ZYlHxELbqMo_IM4DLByLxxGYktuj | HTTP 400
[2026-03-15T05:32:31.161Z] Kinetic Landscaping | https://www.kineticlandscaping.com.au/ | Timeout
[2026-03-15T05:32:31.968Z] CRYSTAL PLUMBING & GAS PTY LTD | https://www.facebook.com/cpandgs/?eid=ARCo0FlVp9PyfIXmn1EkXzrYx3PS9RBiW9WSUt9qozFX7fp7z-U32-4DUaK2pvTOtw2DVhk_YSe5yXOf | HTTP 400
[2026-03-15T05:32:53.821Z] I.Sharp Security Service | https://isharpsecurity.com.au/ | fetch failed
[2026-03-15T05:32:54.073Z] ProTech Garage Doors | https://protechgarage.com.au/ | fetch failed
[2026-03-15T05:33:04.958Z] Solar Air Energy | http://www.solarairenergy.com.au/ | HTTP 307
[2026-03-15T05:33:08.664Z] noarlunga refrigeration & airconditioning | https://www.noarlungaair.com.au/services | fetch failed
[2026-03-15T05:33:08.822Z] All Paving | http://www.allpavingperth.net.au/ | HTTP 403
[2026-03-15T05:33:31.725Z] The Excavation Specialists | http://www.theexcavationspecialists.com.au/ | Timeout
[2026-03-15T05:33:33.676Z] ALL GOOD MATE | https://www.allgoodmateservices.com.au/ | fetch failed
[2026-03-15T05:33:53.072Z] JClover Tiling Pty Ltd | http://jclover.com.au/ | Timeout
[2026-03-15T05:33:53.821Z] Ascend Painting Services | https://www.ascendpainting.com.au/?utm_source=google&utm_medium=organic&utm_campaign=gbp | HTTP 403
[2026-03-15T05:33:54.207Z] SEQ Relining PTY LTD | https://seqrelining.com.au/ | HTTP 403
[2026-03-15T05:33:56.249Z] Two Angels Decking | https://twoangelsdecking.com.au/ | fetch failed
[2026-03-15T05:33:58.562Z] Imperial Window Furnishings pty Ltd | https://imperialwindows.com.au/ | fetch failed
[2026-03-15T05:34:06.231Z] On Splash Plumbing & Gas | http://www.onsplashplumbing.com.au/ | fetch failed
[2026-03-15T05:34:11.586Z] Fancy Curtains & Blinds2019 | https://fancycurtainsblinds.com.au/ | fetch failed
[2026-03-15T05:34:21.098Z] Total Bathroom Renovations Sydney | http://www.totalbathroomrenos.com.au/ | fetch failed
[2026-03-15T05:34:46.501Z] Flatline Demolition | http://flatlinedemolition.com.au/ | Timeout
[2026-03-15T05:34:47.232Z] Aj Cement Rendering | https://m.facebook.com/faysal.onay.5 | HTTP 400
[2026-03-15T05:34:52.954Z] Dazza's rubbish Removal | http://www.dazzasrubbishremoval.au/ | HTTP 400
[2026-03-15T05:34:54.952Z] Grylls Constructions | https://www.gryllsconstructions.com.au/ | fetch failed
[2026-03-15T05:35:03.376Z] RJT Lawn and Gardening | https://www.rjtlawnandgardening.com.au/?%20utm_source=google&utm_medium=organic&utm_campaign=gmb-listing | fetch failed
[2026-03-15T05:35:03.778Z] Tropical Coastline Plastering | https://www.facebook.com/tropicalcoastlineplastering | HTTP 400
[2026-03-15T05:35:12.180Z] Easy Entry Garage Doors | https://www.facebook.com/profile.php?id=100094060067259&mibextid=ZbWKwL | HTTP 400
[2026-03-15T05:35:18.215Z] Wynstan - Baulkham Hills | https://www.wynstan.com.au/showrooms/baulkham-hills/?utm_source=GMBlisting&utm_medium=organic&utm_term=plcid | HTTP 403
[2026-03-15T05:35:25.645Z] Baulkham Hills Doors | http://www.baulkhamhillsdoors.com.au/ | Timeout
[2026-03-15T05:35:26.603Z] ReelFab Pty Ltd | http://reelfab.com/ | HTTP 307
[2026-03-15T05:35:30.055Z] Carpenter Products | https://carpenterproducts.com.au/ | HTTP 403
[2026-03-15T05:35:43.358Z] GM Scaffolding | http://www.gmscaffolding.com.au/ | Timeout
[2026-03-15T05:35:43.562Z] LC Landscape & Construction | https://lclandscapeandconstruction.com.au/ | fetch failed
[2026-03-15T05:35:43.760Z] Gutter Knight Adelaide and SA Gutter Guards | https://www.facebook.com/gutterknightadelaide/ | HTTP 400
[2026-03-15T05:36:02.667Z] Delta Cabinets | https://www.deltacabinets.com.au/ | fetch failed
[2026-03-15T05:36:14.045Z] matts lawn mowing and gardening | https://www.facebook.com/MattsLawnMowingAndGardenCare | HTTP 400
[2026-03-15T05:36:17.903Z] Excavate 4 U | https://www.facebook.com/excavate4u/ | HTTP 400
[2026-03-15T05:36:18.000Z] Rob Davis Earthworks PTY Ltd. | https://www.robdavisearthworks.com.au/ | fetch failed
[2026-03-15T05:36:21.611Z] Spray Pave Brisbane Pty Ltd | http://www.spraypavebrisbane.com/ | fetch failed
[2026-03-15T05:36:26.900Z] homestead gates and fencing | http://www.homesteadgatesandfencing.com.au/ | HTTP 404
[2026-03-15T05:36:29.909Z] Jachmann Cabinet Makers | https://www.facebook.com/JachmannCabinetMakers | HTTP 400
[2026-03-15T05:36:31.855Z] Lee's Roof Treatment | https://www.leesroof.com.au/ | fetch failed
[2026-03-15T05:36:31.856Z] Recycle Floor Boards | http://recyclefloorboards.com.au/ | fetch failed
[2026-03-15T05:36:33.962Z] Avoca Bathrooms and Kitchens Pty Ltd | http://www.avocabathroomsandkitchens.com.au/ | HTTP 404
[2026-03-15T05:37:00.462Z] Perth Plaster Mouldings | http://www.perthplastermouldings.com.au/ | HTTP 502
[2026-03-15T05:37:04.061Z] Qld Master Tilers | https://www.qldmastertilers.com.au/ | fetch failed
[2026-03-15T05:37:04.739Z] Tom’s Tree Maintenance | https://www.facebook.com/share/16BACf9HKv/?mibextid=wwXIfr | HTTP 400
[2026-03-15T05:37:08.306Z] My Fix It Guy | https://www.facebook.com/profile.php?id=100083225587409 | HTTP 400
[2026-03-15T05:37:11.832Z] M.A.C Roof Plumbing | https://www.facebook.com/macroofplumbing?mibextid=ZbWKwL | HTTP 400
[2026-03-15T05:37:21.923Z] Ocean Grove Joinery | http://www.oceangrovejoinery.com.au/ | Timeout
[2026-03-15T05:37:21.984Z] Bayswater Roofing | http://bayswaterroofing.com.au/ | Timeout
[2026-03-15T05:37:29.039Z] DM Stonemasonry | https://www.facebook.com/profile.php?id=100092984671073&mibextid=ZbWKwL | HTTP 400
[2026-03-15T05:37:34.887Z] Capital Tiling Contractors | http://capitaltilingsydney.com.au/ | fetch failed
[2026-03-15T05:37:35.477Z] Bassendean Men's Shed | https://m.facebook.com/bassendeanshed | HTTP 400
[2026-03-15T05:37:42.642Z] Hard Core Cut Pty Ltd - Concrete Cutting Sydney | https://www.hardcorecut.com.au/ | Timeout
[2026-03-15T05:37:42.762Z] Plumbing and Gas Brothers | https://www.plumbingandgasbrothers.com/ | fetch failed
[2026-03-15T05:37:54.588Z] GPS Cabinets | https://gpscabinets.com.au/ | Timeout
[2026-03-15T05:37:54.887Z] Hippo Rubbish Removal | https://hipporemoval.com.au/ | fetch failed
[2026-03-15T05:38:07.070Z] Surfcoast Cabinets PTY LTD | http://www.facebook.com/surfcoastcabinets | HTTP 400
[2026-03-15T05:38:19.605Z] Sydney VIP Blinds | https://www.sydneyvipblinds.com.au/ | HTTP 500
[2026-03-15T05:38:26.783Z] Adelaide Hills Flooring Pty Ltd | http://adelaidehillsflooring.com.au/ | HTTP 404
[2026-03-15T05:38:33.928Z] Blackwood Flooring | http://www.blackwoodflooring.com.au/ | Timeout
[2026-03-15T05:38:34.120Z] Sydney Rendering | http://www.sydenybricklayer.com/ | fetch failed
[2026-03-15T05:38:34.195Z] Welldone Floors and Products | http://www.welldonefloors.com.au/ | fetch failed
